This is pdfTeX, Version 3.14159265-2.6-1.40.17 (MiKTeX 2.9.6210 64-bit) (preloaded format=pdflatex 2020.4.1)  10 JUL 2020 14:16
entering extended mode
**./Untitled.tex
(Untitled.tex
LaTeX2e <2017/01/01> patch level 3
Babel <3.9r> and hyphenation patterns for 75 language(s) loaded.
(C:\Users\us16120\AppData\Roaming\MiKTeX\2.9\tex\latex\beamer\beamer.cls
Document Class: beamer 2019/09/29 v3.57 A class for typesetting presentations

(C:\Users\us16120\AppData\Roaming\MiKTeX\2.9\tex\latex\beamer\beamerbasemodes.s
ty (C:\Users\us16120\AppData\Roaming\MiKTeX\2.9\tex\latex\etoolbox\etoolbox.sty
Package: etoolbox 2019/09/21 v2.5h e-TeX tools for LaTeX (JAW)
\etb@tempcnta=\count79
)
\beamer@tempbox=\box26
\beamer@tempcount=\count80
\c@beamerpauses=\count81

(C:\Users\us16120\AppData\Roaming\MiKTeX\2.9\tex\latex\beamer\beamerbasedecode.
sty
\beamer@slideinframe=\count82
\beamer@minimum=\count83
\beamer@decode@box=\box27
)
\beamer@commentbox=\box28
\beamer@modecount=\count84
) (C:\Users\us16120\AppData\Roaming\MiKTeX\2.9\tex\generic\iftex\ifpdf.sty
Package: ifpdf 2019/10/25 v3.4 ifpdf legacy package. Use iftex instead.
(C:\Users\us16120\AppData\Roaming\MiKTeX\2.9\tex\generic\iftex\iftex.sty
Package: iftex 2020/03/06 v1.0d TeX engine tests
))
\headdp=\dimen102
\footheight=\dimen103
\sidebarheight=\dimen104
\beamer@tempdim=\dimen105
\beamer@finalheight=\dimen106
\beamer@animht=\dimen107
\beamer@animdp=\dimen108
\beamer@animwd=\dimen109
\beamer@leftmargin=\dimen110
\beamer@rightmargin=\dimen111
\beamer@leftsidebar=\dimen112
\beamer@rightsidebar=\dimen113
\beamer@boxsize=\dimen114
\beamer@vboxoffset=\dimen115
\beamer@descdefault=\dimen116
\beamer@descriptionwidth=\dimen117
\beamer@lastskip=\skip41
\beamer@areabox=\box29
\beamer@animcurrent=\box30
\beamer@animshowbox=\box31
\beamer@sectionbox=\box32
\beamer@logobox=\box33
\beamer@linebox=\box34
\beamer@sectioncount=\count85
\beamer@subsubsectionmax=\count86
\beamer@subsectionmax=\count87
\beamer@sectionmax=\count88
\beamer@totalheads=\count89
\beamer@headcounter=\count90
\beamer@partstartpage=\count91
\beamer@sectionstartpage=\count92
\beamer@subsectionstartpage=\count93
\beamer@animationtempa=\count94
\beamer@animationtempb=\count95
\beamer@xpos=\count96
\beamer@ypos=\count97
\beamer@ypos@offset=\count98
\beamer@showpartnumber=\count99
\beamer@currentsubsection=\count100
\beamer@coveringdepth=\count101
\beamer@sectionadjust=\count102
\beamer@tocsectionnumber=\count103

(C:\Users\us16120\AppData\Roaming\MiKTeX\2.9\tex\latex\beamer\beamerbaseoptions
.sty ("C:\Program Files\MiKTeX 2.9\tex\latex\graphics\keyval.sty"
Package: keyval 2014/10/28 v1.15 key=value parser (DPC)
\KV@toks@=\toks14
))
\beamer@paperwidth=\skip42
\beamer@paperheight=\skip43
("C:\Program Files\MiKTeX 2.9\tex\latex\geometry\geometry.sty"
Package: geometry 2010/09/12 v5.6 Page Geometry
(C:\Users\us16120\AppData\Roaming\MiKTeX\2.9\tex\generic\iftex\ifvtex.sty
Package: ifvtex 2019/10/25 v1.7 ifvtex legacy package. Use iftex instead.
) (C:\Users\us16120\AppData\Roaming\MiKTeX\2.9\tex\generic\iftex\ifxetex.sty
Package: ifxetex 2019/10/25 v0.7 ifxetex legacy package. Use iftex instead.
)
\Gm@cnth=\count104
\Gm@cntv=\count105
\c@Gm@tempcnt=\count106
\Gm@bindingoffset=\dimen118
\Gm@wd@mp=\dimen119
\Gm@odd@mp=\dimen120
\Gm@even@mp=\dimen121
\Gm@layoutwidth=\dimen122
\Gm@layoutheight=\dimen123
\Gm@layouthoffset=\dimen124
\Gm@layoutvoffset=\dimen125
\Gm@dimlist=\toks15
("C:\Program Files\MiKTeX 2.9\tex\latex\geometry\geometry.cfg")) (C:\Users\us16
120\AppData\Roaming\MiKTeX\2.9\tex\latex\extsizes\size14.clo
File: size14.clo 1999/11/11 v1.4a NON-Standard LaTeX file (size option)
)
(C:\Users\us16120\AppData\Roaming\MiKTeX\2.9\tex\latex\pgf\basiclayer\pgfcore.s
ty ("C:\Program Files\MiKTeX 2.9\tex\latex\graphics\graphicx.sty"
Package: graphicx 2014/10/28 v1.0g Enhanced LaTeX Graphics (DPC,SPQR)
("C:\Program Files\MiKTeX 2.9\tex\latex\graphics\graphics.sty"
Package: graphics 2016/10/09 v1.0u Standard LaTeX Graphics (DPC,SPQR)
("C:\Program Files\MiKTeX 2.9\tex\latex\graphics\trig.sty"
Package: trig 2016/01/03 v1.10 sin cos tan (DPC)
) ("C:\Program Files\MiKTeX 2.9\tex\latex\graphics-cfg\graphics.cfg"
File: graphics.cfg 2016/06/04 v1.11 sample graphics configuration
)
Package graphics Info: Driver file: pdftex.def on input line 99.
("C:\Program Files\MiKTeX 2.9\tex\latex\graphics-def\pdftex.def"
File: pdftex.def 2017/01/12 v0.06k Graphics/color for pdfTeX
("C:\Program Files\MiKTeX 2.9\tex\generic\oberdiek\infwarerr.sty"
Package: infwarerr 2016/05/16 v1.4 Providing info/warning/error messages (HO)
) ("C:\Program Files\MiKTeX 2.9\tex\generic\oberdiek\ltxcmds.sty"
Package: ltxcmds 2016/05/16 v1.23 LaTeX kernel commands for general use (HO)
)
\Gread@gobject=\count107
))
\Gin@req@height=\dimen126
\Gin@req@width=\dimen127
)
(C:\Users\us16120\AppData\Roaming\MiKTeX\2.9\tex\latex\pgf\systemlayer\pgfsys.s
ty
(C:\Users\us16120\AppData\Roaming\MiKTeX\2.9\tex\latex\pgf\utilities\pgfrcs.sty

(C:\Users\us16120\AppData\Roaming\MiKTeX\2.9\tex\generic\pgf\utilities\pgfutil-
common.tex
\pgfutil@everybye=\toks16
\pgfutil@tempdima=\dimen128
\pgfutil@tempdimb=\dimen129

(C:\Users\us16120\AppData\Roaming\MiKTeX\2.9\tex\generic\pgf\utilities\pgfutil-
common-lists.tex))
(C:\Users\us16120\AppData\Roaming\MiKTeX\2.9\tex\generic\pgf\utilities\pgfutil-
latex.def
\pgfutil@abb=\box35
(C:\Users\us16120\AppData\Roaming\MiKTeX\2.9\tex\latex\ms\everyshi.sty
Package: everyshi 2001/05/15 v3.00 EveryShipout Package (MS)
))
(C:\Users\us16120\AppData\Roaming\MiKTeX\2.9\tex\generic\pgf\utilities\pgfrcs.c
ode.tex (C:\Users\us16120\AppData\Roaming\MiKTeX\2.9\tex\generic\pgf\pgf.revisi
on.tex)
Package: pgfrcs 2020/01/08 v3.1.5b (3.1.5b)
))
(C:\Users\us16120\AppData\Roaming\MiKTeX\2.9\tex\generic\pgf\systemlayer\pgfsys
.code.tex
Package: pgfsys 2020/01/08 v3.1.5b (3.1.5b)

(C:\Users\us16120\AppData\Roaming\MiKTeX\2.9\tex\generic\pgf\utilities\pgfkeys.
code.tex
\pgfkeys@pathtoks=\toks17
\pgfkeys@temptoks=\toks18

(C:\Users\us16120\AppData\Roaming\MiKTeX\2.9\tex\generic\pgf\utilities\pgfkeysf
iltered.code.tex
\pgfkeys@tmptoks=\toks19
))
\pgf@x=\dimen130
\pgf@y=\dimen131
\pgf@xa=\dimen132
\pgf@ya=\dimen133
\pgf@xb=\dimen134
\pgf@yb=\dimen135
\pgf@xc=\dimen136
\pgf@yc=\dimen137
\pgf@xd=\dimen138
\pgf@yd=\dimen139
\w@pgf@writea=\write3
\r@pgf@reada=\read1
\c@pgf@counta=\count108
\c@pgf@countb=\count109
\c@pgf@countc=\count110
\c@pgf@countd=\count111
\t@pgf@toka=\toks20
\t@pgf@tokb=\toks21
\t@pgf@tokc=\toks22
\pgf@sys@id@count=\count112

(C:\Users\us16120\AppData\Roaming\MiKTeX\2.9\tex\generic\pgf\systemlayer\pgf.cf
g
File: pgf.cfg 2020/01/08 v3.1.5b (3.1.5b)
)
Driver file for pgf: pgfsys-pdftex.def

(C:\Users\us16120\AppData\Roaming\MiKTeX\2.9\tex\generic\pgf\systemlayer\pgfsys
-pdftex.def
File: pgfsys-pdftex.def 2020/01/08 v3.1.5b (3.1.5b)

(C:\Users\us16120\AppData\Roaming\MiKTeX\2.9\tex\generic\pgf\systemlayer\pgfsys
-common-pdf.def
File: pgfsys-common-pdf.def 2020/01/08 v3.1.5b (3.1.5b)
)))
(C:\Users\us16120\AppData\Roaming\MiKTeX\2.9\tex\generic\pgf\systemlayer\pgfsys
softpath.code.tex
File: pgfsyssoftpath.code.tex 2020/01/08 v3.1.5b (3.1.5b)
\pgfsyssoftpath@smallbuffer@items=\count113
\pgfsyssoftpath@bigbuffer@items=\count114
)
(C:\Users\us16120\AppData\Roaming\MiKTeX\2.9\tex\generic\pgf\systemlayer\pgfsys
protocol.code.tex
File: pgfsysprotocol.code.tex 2020/01/08 v3.1.5b (3.1.5b)
)) (C:\Users\us16120\AppData\Roaming\MiKTeX\2.9\tex\latex\xcolor\xcolor.sty
Package: xcolor 2016/05/11 v2.12 LaTeX color extensions (UK)
("C:\Program Files\MiKTeX 2.9\tex\latex\graphics-cfg\color.cfg"
File: color.cfg 2016/01/02 v1.6 sample color configuration
)
Package xcolor Info: Driver file: pdftex.def on input line 225.
Package xcolor Info: Model `cmy' substituted by `cmy0' on input line 1348.
Package xcolor Info: Model `hsb' substituted by `rgb' on input line 1352.
Package xcolor Info: Model `RGB' extended on input line 1364.
Package xcolor Info: Model `HTML' substituted by `rgb' on input line 1366.
Package xcolor Info: Model `Hsb' substituted by `hsb' on input line 1367.
Package xcolor Info: Model `tHsb' substituted by `hsb' on input line 1368.
Package xcolor Info: Model `HSB' substituted by `hsb' on input line 1369.
Package xcolor Info: Model `Gray' substituted by `gray' on input line 1370.
Package xcolor Info: Model `wave' substituted by `hsb' on input line 1371.
)
(C:\Users\us16120\AppData\Roaming\MiKTeX\2.9\tex\generic\pgf\basiclayer\pgfcore
.code.tex
Package: pgfcore 2020/01/08 v3.1.5b (3.1.5b)

(C:\Users\us16120\AppData\Roaming\MiKTeX\2.9\tex\generic\pgf\math\pgfmath.code.
tex
(C:\Users\us16120\AppData\Roaming\MiKTeX\2.9\tex\generic\pgf\math\pgfmathcalc.c
ode.tex
(C:\Users\us16120\AppData\Roaming\MiKTeX\2.9\tex\generic\pgf\math\pgfmathutil.c
ode.tex)
(C:\Users\us16120\AppData\Roaming\MiKTeX\2.9\tex\generic\pgf\math\pgfmathparser
.code.tex
\pgfmath@dimen=\dimen140
\pgfmath@count=\count115
\pgfmath@box=\box36
\pgfmath@toks=\toks23
\pgfmath@stack@operand=\toks24
\pgfmath@stack@operation=\toks25
)
(C:\Users\us16120\AppData\Roaming\MiKTeX\2.9\tex\generic\pgf\math\pgfmathfuncti
ons.code.tex
(C:\Users\us16120\AppData\Roaming\MiKTeX\2.9\tex\generic\pgf\math\pgfmathfuncti
ons.basic.code.tex)
(C:\Users\us16120\AppData\Roaming\MiKTeX\2.9\tex\generic\pgf\math\pgfmathfuncti
ons.trigonometric.code.tex)
(C:\Users\us16120\AppData\Roaming\MiKTeX\2.9\tex\generic\pgf\math\pgfmathfuncti
ons.random.code.tex)
(C:\Users\us16120\AppData\Roaming\MiKTeX\2.9\tex\generic\pgf\math\pgfmathfuncti
ons.comparison.code.tex)
(C:\Users\us16120\AppData\Roaming\MiKTeX\2.9\tex\generic\pgf\math\pgfmathfuncti
ons.base.code.tex)
(C:\Users\us16120\AppData\Roaming\MiKTeX\2.9\tex\generic\pgf\math\pgfmathfuncti
ons.round.code.tex)
(C:\Users\us16120\AppData\Roaming\MiKTeX\2.9\tex\generic\pgf\math\pgfmathfuncti
ons.misc.code.tex)
(C:\Users\us16120\AppData\Roaming\MiKTeX\2.9\tex\generic\pgf\math\pgfmathfuncti
ons.integerarithmetics.code.tex)))
(C:\Users\us16120\AppData\Roaming\MiKTeX\2.9\tex\generic\pgf\math\pgfmathfloat.
code.tex
\c@pgfmathroundto@lastzeros=\count116
))
(C:\Users\us16120\AppData\Roaming\MiKTeX\2.9\tex\generic\pgf\math\pgfint.code.t
ex)
(C:\Users\us16120\AppData\Roaming\MiKTeX\2.9\tex\generic\pgf\basiclayer\pgfcore
points.code.tex
File: pgfcorepoints.code.tex 2020/01/08 v3.1.5b (3.1.5b)
\pgf@picminx=\dimen141
\pgf@picmaxx=\dimen142
\pgf@picminy=\dimen143
\pgf@picmaxy=\dimen144
\pgf@pathminx=\dimen145
\pgf@pathmaxx=\dimen146
\pgf@pathminy=\dimen147
\pgf@pathmaxy=\dimen148
\pgf@xx=\dimen149
\pgf@xy=\dimen150
\pgf@yx=\dimen151
\pgf@yy=\dimen152
\pgf@zx=\dimen153
\pgf@zy=\dimen154
)
(C:\Users\us16120\AppData\Roaming\MiKTeX\2.9\tex\generic\pgf\basiclayer\pgfcore
pathconstruct.code.tex
File: pgfcorepathconstruct.code.tex 2020/01/08 v3.1.5b (3.1.5b)
\pgf@path@lastx=\dimen155
\pgf@path@lasty=\dimen156
)
(C:\Users\us16120\AppData\Roaming\MiKTeX\2.9\tex\generic\pgf\basiclayer\pgfcore
pathusage.code.tex
File: pgfcorepathusage.code.tex 2020/01/08 v3.1.5b (3.1.5b)
\pgf@shorten@end@additional=\dimen157
\pgf@shorten@start@additional=\dimen158
)
(C:\Users\us16120\AppData\Roaming\MiKTeX\2.9\tex\generic\pgf\basiclayer\pgfcore
scopes.code.tex
File: pgfcorescopes.code.tex 2020/01/08 v3.1.5b (3.1.5b)
\pgfpic=\box37
\pgf@hbox=\box38
\pgf@layerbox@main=\box39
\pgf@picture@serial@count=\count117
)
(C:\Users\us16120\AppData\Roaming\MiKTeX\2.9\tex\generic\pgf\basiclayer\pgfcore
graphicstate.code.tex
File: pgfcoregraphicstate.code.tex 2020/01/08 v3.1.5b (3.1.5b)
\pgflinewidth=\dimen159
)
(C:\Users\us16120\AppData\Roaming\MiKTeX\2.9\tex\generic\pgf\basiclayer\pgfcore
transformations.code.tex
File: pgfcoretransformations.code.tex 2020/01/08 v3.1.5b (3.1.5b)
\pgf@pt@x=\dimen160
\pgf@pt@y=\dimen161
\pgf@pt@temp=\dimen162
)
(C:\Users\us16120\AppData\Roaming\MiKTeX\2.9\tex\generic\pgf\basiclayer\pgfcore
quick.code.tex
File: pgfcorequick.code.tex 2020/01/08 v3.1.5b (3.1.5b)
)
(C:\Users\us16120\AppData\Roaming\MiKTeX\2.9\tex\generic\pgf\basiclayer\pgfcore
objects.code.tex
File: pgfcoreobjects.code.tex 2020/01/08 v3.1.5b (3.1.5b)
)
(C:\Users\us16120\AppData\Roaming\MiKTeX\2.9\tex\generic\pgf\basiclayer\pgfcore
pathprocessing.code.tex
File: pgfcorepathprocessing.code.tex 2020/01/08 v3.1.5b (3.1.5b)
)
(C:\Users\us16120\AppData\Roaming\MiKTeX\2.9\tex\generic\pgf\basiclayer\pgfcore
arrows.code.tex
File: pgfcorearrows.code.tex 2020/01/08 v3.1.5b (3.1.5b)
\pgfarrowsep=\dimen163
)
(C:\Users\us16120\AppData\Roaming\MiKTeX\2.9\tex\generic\pgf\basiclayer\pgfcore
shade.code.tex
File: pgfcoreshade.code.tex 2020/01/08 v3.1.5b (3.1.5b)
\pgf@max=\dimen164
\pgf@sys@shading@range@num=\count118
\pgf@shadingcount=\count119
)
(C:\Users\us16120\AppData\Roaming\MiKTeX\2.9\tex\generic\pgf\basiclayer\pgfcore
image.code.tex
File: pgfcoreimage.code.tex 2020/01/08 v3.1.5b (3.1.5b)

(C:\Users\us16120\AppData\Roaming\MiKTeX\2.9\tex\generic\pgf\basiclayer\pgfcore
external.code.tex
File: pgfcoreexternal.code.tex 2020/01/08 v3.1.5b (3.1.5b)
\pgfexternal@startupbox=\box40
))
(C:\Users\us16120\AppData\Roaming\MiKTeX\2.9\tex\generic\pgf\basiclayer\pgfcore
layers.code.tex
File: pgfcorelayers.code.tex 2020/01/08 v3.1.5b (3.1.5b)
)
(C:\Users\us16120\AppData\Roaming\MiKTeX\2.9\tex\generic\pgf\basiclayer\pgfcore
transparency.code.tex
File: pgfcoretransparency.code.tex 2020/01/08 v3.1.5b (3.1.5b)
)
(C:\Users\us16120\AppData\Roaming\MiKTeX\2.9\tex\generic\pgf\basiclayer\pgfcore
patterns.code.tex
File: pgfcorepatterns.code.tex 2020/01/08 v3.1.5b (3.1.5b)
)
(C:\Users\us16120\AppData\Roaming\MiKTeX\2.9\tex\generic\pgf\basiclayer\pgfcore
rdf.code.tex
File: pgfcorerdf.code.tex 2020/01/08 v3.1.5b (3.1.5b)
)))
(C:\Users\us16120\AppData\Roaming\MiKTeX\2.9\tex\latex\pgf\utilities\xxcolor.st
y
Package: xxcolor 2003/10/24 ver 0.1
\XC@nummixins=\count120
\XC@countmixins=\count121
) ("C:\Program Files\MiKTeX 2.9\tex\generic\oberdiek\atbegshi.sty"
Package: atbegshi 2016/06/09 v1.18 At begin shipout hook (HO)
) ("C:\Program Files\MiKTeX 2.9\tex\latex\hyperref\hyperref.sty"
Package: hyperref 2016/06/24 v6.83q Hypertext links for LaTeX

(C:\Users\us16120\AppData\Roaming\MiKTeX\2.9\tex\latex\hobsub\hobsub-hyperref.s
ty
Package: hobsub-hyperref 2019-11-14
hobsub not currently supported, see hobsub.dtx to extract original code

(C:\Users\us16120\AppData\Roaming\MiKTeX\2.9\tex\latex\pdftexcmds\pdftexcmds.st
y
Package: pdftexcmds 2019/11/24 v0.31 Utility functions of pdfTeX for LuaTeX (HO
)
Package pdftexcmds Info: \pdf@primitive is available.
Package pdftexcmds Info: \pdf@ifprimitive is available.
Package pdftexcmds Info: \pdfdraftmode found.
) ("C:\Program Files\MiKTeX 2.9\tex\generic\oberdiek\kvsetkeys.sty"
Package: kvsetkeys 2016/05/16 v1.17 Key value parser (HO)
("C:\Program Files\MiKTeX 2.9\tex\generic\oberdiek\etexcmds.sty"
Package: etexcmds 2016/05/16 v1.6 Avoid name clashes with e-TeX commands (HO)
(C:\Users\us16120\AppData\Roaming\MiKTeX\2.9\tex\generic\iftex\ifluatex.sty
Package: ifluatex 2019/10/25 v1.5 ifluatex legacy package. Use iftex instead.
)
Package etexcmds Info: Could not find \expanded.
(etexcmds)             That can mean that you are not using pdfTeX 1.50 or
(etexcmds)             that some package has redefined \expanded.
(etexcmds)             In the latter case, load this package earlier.
)) ("C:\Program Files\MiKTeX 2.9\tex\generic\oberdiek\kvdefinekeys.sty"
Package: kvdefinekeys 2016/05/16 v1.4 Define keys (HO)
) ("C:\Program Files\MiKTeX 2.9\tex\generic\oberdiek\pdfescape.sty"
Package: pdfescape 2016/05/16 v1.14 Implements pdfTeX's escape features (HO)
) ("C:\Program Files\MiKTeX 2.9\tex\latex\oberdiek\hycolor.sty"
Package: hycolor 2016/05/16 v1.8 Color options for hyperref/bookmark (HO)
("C:\Program Files\MiKTeX 2.9\tex\latex\oberdiek\xcolor-patch.sty"
Package: xcolor-patch 2016/05/16 xcolor patch
("C:\Program Files\MiKTeX 2.9\tex\latex\oberdiek\hopatch.sty"
Package: hopatch 2016/05/16 v1.3 Wrapper for package hooks (HO)
))) ("C:\Program Files\MiKTeX 2.9\tex\latex\oberdiek\letltxmacro.sty"
Package: letltxmacro 2016/05/16 v1.5 Let assignment for LaTeX macros (HO)
)) ("C:\Program Files\MiKTeX 2.9\tex\latex\oberdiek\auxhook.sty"
Package: auxhook 2016/05/16 v1.4 Hooks for auxiliary files (HO)
)
! Missing = inserted for \ifnum.
<to be read again> 
                   -
l.106 }{}
          
Here is how much of TeX's memory you used:
 9546 strings out of 493333
 186623 string characters out of 3139189
 228516 words of memory out of 3000000
 12894 multiletter control sequences out of 15000+200000
 3938 words of font info for 15 fonts, out of 3000000 for 9000
 1141 hyphenation exceptions out of 8191
 49i,0n,48p,829b,61s stack positions out of 5000i,500n,10000p,200000b,50000s

!  ==> Fatal error occurred, no output PDF file produced!
